Build started 9/26/2015 6:14:26 PM.
     1>Project "C:\Users\ywu\Desktop\STVS\ServerProject\json\json.vcxproj" on node 2 (Build target(s)).
     1>ClCompile:
         C:\Program Files\Microsoft Visual Studio 11.0\VC\bin\CL.exe /c /ZI /nologo /W3 /WX- /Od /Oy- /D WIN32 /D _DEBUG /D _WINDOWS /D _USRDLL /D JSON_EXPORTS /D _WINDLL /D _UNICODE /D UNICODE /Gm /EHsc /RTC1 /MDd /GS /fp:precise /Zc:wchar_t /Zc:forScope /Fo"Debug\\" /Fd"Debug\vc110.pdb" /Gd /TP /analyze- /errorReport:prompt ..\..\src\json\Json.cpp
         Json.cpp
     1>c:\users\ywu\desktop\stvs\src\json\json.h(147): warning C4251: 'JSONVALUE::order' : class 'std::vector<_Ty>' needs to have dll-interface to be used by clients of class 'JSONVALUE'
                 with
                 [
                     _Ty=wstring
                 ]
     1>c:\users\ywu\desktop\stvs\src\json\json.h(266): warning C4251: 'JSONVALUE::m_stage' : class 'std::vector<_Ty>' needs to have dll-interface to be used by clients of class 'JSONVALUE'
                 with
                 [
                     _Ty=JSONSCOPES
                 ]
     1>c:\users\ywu\desktop\stvs\src\json\json.cpp(1917): warning C4172: returning address of local variable or temporary
       Link:
         C:\Program Files\Microsoft Visual Studio 11.0\VC\bin\link.exe /ERRORREPORT:PROMPT /OUT:"C:\Users\ywu\Desktop\STVS\ServerProject\Debug\json.dll" /INCREMENTAL /NOLOGO kernel32.lib user32.lib gdi32.lib winspool.lib comdlg32.lib advapi32.lib shell32.lib ole32.lib oleaut32.lib uuid.lib odbc32.lib odbccp32.lib /MANIFEST /MANIFESTUAC:"level='asInvoker' uiAccess='false'" /manifest:embed /DEBUG /PDB:"C:\Users\ywu\Desktop\STVS\ServerProject\Debug\json.pdb" /SUBSYSTEM:WINDOWS /TLBID:1 /DYNAMICBASE /NXCOMPAT /IMPLIB:"C:\Users\ywu\Desktop\STVS\ServerProject\Debug\json.lib" /MACHINE:X86 /SAFESEH /DLL Debug\Json.obj
     1>Json.obj : warning LNK4075: ignoring '/EDITANDCONTINUE' due to '/SAFESEH' specification
            Creating library C:\Users\ywu\Desktop\STVS\ServerProject\Debug\json.lib and object C:\Users\ywu\Desktop\STVS\ServerProject\Debug\json.exp
         json.vcxproj -> C:\Users\ywu\Desktop\STVS\ServerProject\Debug\json.dll
       PostBuildEvent:
         copy "C:\Users\hxiaoke\Dropbox\Research\20131205 StoryTellingVisualization\Program\StoryTellingVisualizationServer\ServerProject\Debug\json.dll" "C:\Users\hxiaoke\Dropbox\Research\20131205 StoryTellingVisualization\Program\StoryTellingVisualizationServer\lib"
         :VCEnd
         The system cannot find the path specified.
     1>C:\Program Files\MSBuild\Microsoft.Cpp\v4.0\V110\Microsoft.CppCommon.targets(134,5): error MSB3073: The command "copy "C:\Users\hxiaoke\Dropbox\Research\20131205 StoryTellingVisualization\Program\StoryTellingVisualizationServer\ServerProject\Debug\json.dll" "C:\Users\hxiaoke\Dropbox\Research\20131205 StoryTellingVisualization\Program\StoryTellingVisualizationServer\lib"
C:\Program Files\MSBuild\Microsoft.Cpp\v4.0\V110\Microsoft.CppCommon.targets(134,5): error MSB3073: :VCEnd" exited with code 1.
     1>Done Building Project "C:\Users\ywu\Desktop\STVS\ServerProject\json\json.vcxproj" (Build target(s)) -- FAILED.

Build FAILED.

Time Elapsed 00:00:04.08
